<?xml version="1.0" encoding="UTF-8"?>
<testsuite name="com.compose.app.GreeterTest" tests="4" skipped="0" failures="0" errors="0" timestamp="2026-06-26T00:34:34" hostname="Javids-MacBook-Pro.local" time="0.016">
  <properties/>
  <testcase name="greetTrimsLeadingAndTrailingWhitespace" classname="com.compose.app.GreeterTest" time="0.015"/>
  <testcase name="greetWithWhitespaceOnlyNameReturnsDefaultGreeting" classname="com.compose.app.GreeterTest" time="0.0"/>
  <testcase name="greetWithEmptyStringReturnsDefaultGreeting" classname="com.compose.app.GreeterTest" time="0.001"/>
  <testcase name="greetWithValidNameReturnsPersonalizedGreeting" classname="com.compose.app.GreeterTest" time="0.0"/>
  <system-out><![CDATA[]]></system-out>
  <system-err><![CDATA[]]></system-err>
</testsuite>
